Using pre-set license
Built from '2020.3/staging' branch; Version is '2020.3.11f1 (99c7afb366b3) revision 10078127'; Using compiler version '192528614'; Build Type 'Release'
OS: 'Windows 10 Home; OS build 19043.1165; Version 2009; 64bit' Language: 'fr' Physical Memory: 16302 MB
BatchMode: 1, IsHumanControllingUs: 0, StartBugReporterOnCrash: 0, Is64bit: 1, IsPro: 0

 COMMAND LINE ARGUMENTS:
E:\Logiciels\Unity\2020.3.11f1\Editor\Unity.exe
-adb2
-batchMode
-noUpm
-name
AssetImportWorker0
-projectPath
E:/Projets/ENJAM-Chargeurs-Antiques/ENJAM Chargeurs Antiques
-logFile
Logs/AssetImportWorker0.log
-srvPort
53224
Successfully changed project path to: E:/Projets/ENJAM-Chargeurs-Antiques/ENJAM Chargeurs Antiques
E:/Projets/ENJAM-Chargeurs-Antiques/ENJAM Chargeurs Antiques
Using Asset Import Pipeline V2.
Refreshing native plugins compatible for Editor in 42.06 ms, found 3 plugins.
Preloading 0 native plugins for Editor in 0.00 ms.
Initialize engine version: 2020.3.11f1 (99c7afb366b3)
[Subsystems] Discovering subsystems at path E:/Logiciels/Unity/2020.3.11f1/Editor/Data/Resources/UnitySubsystems
[Subsystems] Discovering subsystems at path E:/Projets/ENJAM-Chargeurs-Antiques/ENJAM Chargeurs Antiques/Assets
GfxDevice: creating device client; threaded=0
Direct3D:
    Version:  Direct3D 11.0 [level 11.1]
    Renderer: NVIDIA GeForce GTX 1080 (ID=0x1be0)
    Vendor:   
    VRAM:     8079 MB
    Driver:   30.0.14.7111
Initialize mono
Mono path[0] = 'E:/Logiciels/Unity/2020.3.11f1/Editor/Data/Managed'
Mono path[1] = 'E:/Logiciels/Unity/2020.3.11f1/Editor/Data/MonoBleedingEdge/lib/mono/unityjit'
Mono config path = 'E:/Logiciels/Unity/2020.3.11f1/Editor/Data/MonoBleedingEdge/etc'
Using monoOptions --debugger-agent=transport=dt_socket,embedding=1,server=y,suspend=n,address=127.0.0.1:56016
Begin MonoManager ReloadAssembly
Registering precompiled unity dll's ...
Register platform support module: E:/Logiciels/Unity/2020.3.11f1/Editor/Data/PlaybackEngines/WindowsStandaloneSupport/UnityEditor.WindowsStandalone.Extensions.dll
Registered in 0.002376 seconds.
Native extension for WindowsStandalone target not found
Refreshing native plugins compatible for Editor in 37.92 ms, found 3 plugins.
Preloading 0 native plugins for Editor in 0.00 ms.
Mono: successfully reloaded assembly
- Completed reload, in  1.082 seconds
Platform modules already initialized, skipping
Registering precompiled user dll's ...
Registered in 0.007230 seconds.
Begin MonoManager ReloadAssembly
Native extension for WindowsStandalone target not found
Refreshing native plugins compatible for Editor in 36.61 ms, found 3 plugins.
Preloading 0 native plugins for Editor in 0.00 ms.
Mono: successfully reloaded assembly
- Completed reload, in  1.971 seconds
Platform modules already initialized, skipping
========================================================================
Worker process is ready to serve import requests
Launched and connected shader compiler UnityShaderCompiler.exe after 0.05 seconds
Refreshing native plugins compatible for Editor in 0.47 ms, found 3 plugins.
Preloading 0 native plugins for Editor in 0.00 ms.
Unloading 2099 Unused Serialized files (Serialized files now loaded: 0)
System memory in use before: 93.1 MB.
System memory in use after: 93.2 MB.

Unloading 28 unused Assets to reduce memory usage. Loaded Objects now: 2537.
Total: 2.231800 ms (FindLiveObjects: 0.187500 ms CreateObjectMapping: 0.065800 ms MarkObjects: 1.918700 ms  DeleteObjects: 0.059100 ms)

========================================================================
Received Import Request.
  path: Assets/Scripts/Tools/Sound/AudioEvent/SoundDatabase.asset
  artifactKey: Guid(08b2bf7e22edf4f3bb5f2fe14f24041e) Importer(815301076,1909f56bfc062723c751e8b465ee728b)
Start importing Assets/Scripts/Tools/Sound/AudioEvent/SoundDatabase.asset using Guid(08b2bf7e22edf4f3bb5f2fe14f24041e) Importer(815301076,1909f56bfc062723c751e8b465ee728b)  -> (artifact id: 'aa1c6ff22044248a1269471676f9382c') in 0.025746 seconds
  Import took 0.028594 seconds .

========================================================================
Received Prepare
Registering precompiled user dll's ...
Registered in 0.011593 seconds.
Begin MonoManager ReloadAssembly
Native extension for WindowsStandalone target not found
Refreshing native plugins compatible for Editor in 0.43 ms, found 3 plugins.
Preloading 0 native plugins for Editor in 0.00 ms.
Mono: successfully reloaded assembly
- Completed reload, in  1.078 seconds
Platform modules already initialized, skipping
Refreshing native plugins compatible for Editor in 0.42 ms, found 3 plugins.
Preloading 0 native plugins for Editor in 0.00 ms.
Unloading 2100 Unused Serialized files (Serialized files now loaded: 0)
System memory in use before: 93.0 MB.
System memory in use after: 93.1 MB.

Unloading 19 unused Assets to reduce memory usage. Loaded Objects now: 2555.
Total: 2.190900 ms (FindLiveObjects: 0.189000 ms CreateObjectMapping: 0.068400 ms MarkObjects: 1.916100 ms  DeleteObjects: 0.016800 ms)

========================================================================
Received Prepare
Registering precompiled user dll's ...
Registered in 0.009128 seconds.
Begin MonoManager ReloadAssembly
Native extension for WindowsStandalone target not found
Refreshing native plugins compatible for Editor in 0.45 ms, found 3 plugins.
Preloading 0 native plugins for Editor in 0.00 ms.
Mono: successfully reloaded assembly
- Completed reload, in  2.632 seconds
Platform modules already initialized, skipping
Refreshing native plugins compatible for Editor in 0.41 ms, found 3 plugins.
Preloading 0 native plugins for Editor in 0.00 ms.
Unloading 2099 Unused Serialized files (Serialized files now loaded: 0)
System memory in use before: 93.0 MB.
System memory in use after: 93.1 MB.

Unloading 18 unused Assets to reduce memory usage. Loaded Objects now: 2559.
Total: 2.148800 ms (FindLiveObjects: 0.180200 ms CreateObjectMapping: 0.061800 ms MarkObjects: 1.888100 ms  DeleteObjects: 0.017900 ms)

========================================================================
Received Import Request.
  Time since last request: 241.218589 seconds.
  path: Assets/Scripts/Tools/Sound/AudioEvent
  artifactKey: Guid(295bae3524a934a458f791fd5f8f17e1) Importer(815301076,1909f56bfc062723c751e8b465ee728b)
Start importing Assets/Scripts/Tools/Sound/AudioEvent using Guid(295bae3524a934a458f791fd5f8f17e1) Importer(815301076,1909f56bfc062723c751e8b465ee728b)  -> (artifact id: 'f35a91b579054b450e6e70f0bc84f963') in 0.071296 seconds
  Import took 0.074567 seconds .

========================================================================
Received Import Request.
  Time since last request: 98.123574 seconds.
  path: Assets/Scripts/Tools/Sound/AudioEvent/Contents
  artifactKey: Guid(6c709b24befa6440197f39c47586d14c) Importer(815301076,1909f56bfc062723c751e8b465ee728b)
Start importing Assets/Scripts/Tools/Sound/AudioEvent/Contents using Guid(6c709b24befa6440197f39c47586d14c) Importer(815301076,1909f56bfc062723c751e8b465ee728b)  -> (artifact id: '4585f3c31f987d7c7ad8324549ebfed2') in 0.626398 seconds
  Import took 0.629685 seconds .

========================================================================
Received Import Request.
  Time since last request: 4.559225 seconds.
  path: Assets/Resources
  artifactKey: Guid(4d16e90a1a6c92b4bad5405ccfae6a18) Importer(815301076,1909f56bfc062723c751e8b465ee728b)
Start importing Assets/Resources using Guid(4d16e90a1a6c92b4bad5405ccfae6a18) Importer(815301076,1909f56bfc062723c751e8b465ee728b)  -> (artifact id: '2de575b31a18f2c09e418c53b2a2a976') in 0.091893 seconds
  Import took 0.153924 seconds .

========================================================================
Received Import Request.
  Time since last request: 0.000363 seconds.
  path: Assets/Resources/DOTweenSettings.asset
  artifactKey: Guid(9e5fa232db9349a4a841af6bef01f0c2) Importer(815301076,1909f56bfc062723c751e8b465ee728b)
Start importing Assets/Resources/DOTweenSettings.asset using Guid(9e5fa232db9349a4a841af6bef01f0c2) Importer(815301076,1909f56bfc062723c751e8b465ee728b)  -> (artifact id: '63c7aa951060f5afdf193a5522bdf358') in 0.094233 seconds
  Import took 0.097771 seconds .

========================================================================
Received Import Request.
  Time since last request: 1.205889 seconds.
  path: Assets/Resources/Sound
  artifactKey: Guid(66461540bab9d7944852439fcd53ccfa) Importer(815301076,1909f56bfc062723c751e8b465ee728b)
Start importing Assets/Resources/Sound using Guid(66461540bab9d7944852439fcd53ccfa) Importer(815301076,1909f56bfc062723c751e8b465ee728b)  -> (artifact id: 'fe8899dbc3d732c4964e7ed17248cd21') in 0.006064 seconds
  Import took 0.009278 seconds .

========================================================================
Received Import Request.
  Time since last request: 0.000264 seconds.
  path: Assets/Resources/Sound
  artifactKey: Guid(66461540bab9d7944852439fcd53ccfa) Importer(815301076,1909f56bfc062723c751e8b465ee728b)
Start importing Assets/Resources/Sound using Guid(66461540bab9d7944852439fcd53ccfa) Importer(815301076,1909f56bfc062723c751e8b465ee728b)  -> (artifact id: 'fe8899dbc3d732c4964e7ed17248cd21') in 0.004922 seconds
  Import took 0.008313 seconds .

========================================================================
Received Import Request.
  Time since last request: 8.866137 seconds.
  path: Assets/Resources/Sound/New Audio Database.asset
  artifactKey: Guid(eddea649725ff26449db475ef38bcc76) Importer(815301076,1909f56bfc062723c751e8b465ee728b)
Start importing Assets/Resources/Sound/New Audio Database.asset using Guid(eddea649725ff26449db475ef38bcc76) Importer(815301076,1909f56bfc062723c751e8b465ee728b)  -> (artifact id: 'd332fd724ae57a0faff12b89d59cde61') in 0.007168 seconds
  Import took 0.010386 seconds .

========================================================================
Received Import Request.
  Time since last request: 0.001672 seconds.
  path: Assets/Resources/Sound/New Audio Database.asset
  artifactKey: Guid(eddea649725ff26449db475ef38bcc76) Importer(815301076,1909f56bfc062723c751e8b465ee728b)
Start importing Assets/Resources/Sound/New Audio Database.asset using Guid(eddea649725ff26449db475ef38bcc76) Importer(815301076,1909f56bfc062723c751e8b465ee728b)  -> (artifact id: 'd332fd724ae57a0faff12b89d59cde61') in 0.006190 seconds
  Import took 0.009491 seconds .

========================================================================
Received Import Request.
  Time since last request: 16.895672 seconds.
  path: Assets/Scripts
  artifactKey: Guid(ecebfe06d17b4414ab270395f423c7cb) Importer(815301076,1909f56bfc062723c751e8b465ee728b)
Start importing Assets/Scripts using Guid(ecebfe06d17b4414ab270395f423c7cb) Importer(815301076,1909f56bfc062723c751e8b465ee728b)  -> (artifact id: '5175852891f3f5ba8b6e7a58e63ec8c1') in 0.040426 seconds
  Import took 0.043713 seconds .

========================================================================
Received Import Request.
  Time since last request: 3.383102 seconds.
  path: Assets/Scripts/Tools
  artifactKey: Guid(81c4b437f1ec81546b395eebcf8e1629) Importer(815301076,1909f56bfc062723c751e8b465ee728b)
Start importing Assets/Scripts/Tools using Guid(81c4b437f1ec81546b395eebcf8e1629) Importer(815301076,1909f56bfc062723c751e8b465ee728b)  -> (artifact id: 'b7a3feeafb741cfa6dcac24467f5bfd2') in 0.014449 seconds
  Import took 0.017991 seconds .

========================================================================
Received Import Request.
  Time since last request: 0.004927 seconds.
  path: Assets/Scripts/Tools
  artifactKey: Guid(81c4b437f1ec81546b395eebcf8e1629) Importer(815301076,1909f56bfc062723c751e8b465ee728b)
Start importing Assets/Scripts/Tools using Guid(81c4b437f1ec81546b395eebcf8e1629) Importer(815301076,1909f56bfc062723c751e8b465ee728b)  -> (artifact id: 'b7a3feeafb741cfa6dcac24467f5bfd2') in 0.085800 seconds
  Import took 0.089390 seconds .

========================================================================
Received Import Request.
  Time since last request: 0.799485 seconds.
  path: Assets/Scripts/Tools/Sound
  artifactKey: Guid(750a49d635eddca43934bd5feb2602d1) Importer(815301076,1909f56bfc062723c751e8b465ee728b)
Start importing Assets/Scripts/Tools/Sound using Guid(750a49d635eddca43934bd5feb2602d1) Importer(815301076,1909f56bfc062723c751e8b465ee728b)  -> (artifact id: 'cb567e6f608f4a20b7968f8ded67b16a') in 0.005095 seconds
  Import took 0.008063 seconds .

========================================================================
Received Import Request.
  Time since last request: 0.000550 seconds.
  path: Assets/Scripts/Tools/Sound
  artifactKey: Guid(750a49d635eddca43934bd5feb2602d1) Importer(815301076,1909f56bfc062723c751e8b465ee728b)
Start importing Assets/Scripts/Tools/Sound using Guid(750a49d635eddca43934bd5feb2602d1) Importer(815301076,1909f56bfc062723c751e8b465ee728b)  -> (artifact id: 'cb567e6f608f4a20b7968f8ded67b16a') in 0.005582 seconds
  Import took 0.008578 seconds .

========================================================================
Received Import Request.
  Time since last request: 62.974310 seconds.
  path: Assets/Resources/Sound/AudioDatabase.asset
  artifactKey: Guid(65b0599e659bd8e45ae37d9a8f37a814) Importer(815301076,1909f56bfc062723c751e8b465ee728b)
Start importing Assets/Resources/Sound/AudioDatabase.asset using Guid(65b0599e659bd8e45ae37d9a8f37a814) Importer(815301076,1909f56bfc062723c751e8b465ee728b)  -> (artifact id: '92cba8a2537de683c814c519efb9ef4c') in 0.006158 seconds
  Import took 0.009240 seconds .

========================================================================
Received Import Request.
  Time since last request: 0.002804 seconds.
  path: Assets/Resources/Sound/AudioDatabase.asset
  artifactKey: Guid(65b0599e659bd8e45ae37d9a8f37a814) Importer(815301076,1909f56bfc062723c751e8b465ee728b)
Start importing Assets/Resources/Sound/AudioDatabase.asset using Guid(65b0599e659bd8e45ae37d9a8f37a814) Importer(815301076,1909f56bfc062723c751e8b465ee728b)  -> (artifact id: '92cba8a2537de683c814c519efb9ef4c') in 0.006877 seconds
  Import took 0.010417 seconds .

========================================================================
Received Import Request.
  Time since last request: 11.646941 seconds.
  path: Assets/Resources/Sound/Sounds
  artifactKey: Guid(9624caf130ce89840a42a7f5655abbf6) Importer(815301076,1909f56bfc062723c751e8b465ee728b)
Start importing Assets/Resources/Sound/Sounds using Guid(9624caf130ce89840a42a7f5655abbf6) Importer(815301076,1909f56bfc062723c751e8b465ee728b)  -> (artifact id: 'e0118b6ebf6c7dcfc615de45efb8547b') in 0.010315 seconds
  Import took 0.013294 seconds .

========================================================================
Received Import Request.
  Time since last request: 39.870931 seconds.
  path: Assets/Resources/Sound/Sounds/Start_Button.asset
  artifactKey: Guid(941f185522947764fb3d4a531eaf5d4c) Importer(815301076,1909f56bfc062723c751e8b465ee728b)
Start importing Assets/Resources/Sound/Sounds/Start_Button.asset using Guid(941f185522947764fb3d4a531eaf5d4c) Importer(815301076,1909f56bfc062723c751e8b465ee728b)  -> (artifact id: 'f7af136b7a9f9eb29aa1987124f94adf') in 0.006657 seconds
  Import took 0.009898 seconds .

========================================================================
Received Import Request.
  Time since last request: 0.003671 seconds.
  path: Assets/Resources/Sound/Sounds/Start_Button.asset
  artifactKey: Guid(941f185522947764fb3d4a531eaf5d4c) Importer(815301076,1909f56bfc062723c751e8b465ee728b)
Start importing Assets/Resources/Sound/Sounds/Start_Button.asset using Guid(941f185522947764fb3d4a531eaf5d4c) Importer(815301076,1909f56bfc062723c751e8b465ee728b)  -> (artifact id: 'f7af136b7a9f9eb29aa1987124f94adf') in 0.006588 seconds
  Import took 0.009613 seconds .

